Determining if the pthread_create exist failed with the following output:
Change Dir: /home/siqi/Documents/robia/robia/ros/catkin_ws/build/CMakeFiles/CMakeTmp

Run Build Command:/usr/bin/make "cmTryCompileExec1761820188/fast"
/usr/bin/make -f CMakeFiles/cmTryCompileExec1761820188.dir/build.make CMakeFiles/cmTryCompileExec1761820188.dir/build
make[1]: Entering directory `/home/siqi/Documents/robia/robia/ros/catkin_ws/build/CMakeFiles/CMakeTmp'
/usr/bin/cmake -E cmake_progress_report /home/siqi/Documents/robia/robia/ros/catkin_ws/build/CMakeFiles/CMakeTmp/CMakeFiles 1
Building C object CMakeFiles/cmTryCompileExec1761820188.dir/CheckSymbolExists.c.o
/usr/bin/cc    -o CMakeFiles/cmTryCompileExec1761820188.dir/CheckSymbolExists.c.o   -c /home/siqi/Documents/robia/robia/ros/catkin_ws/build/CMakeFiles/CMakeTmp/CheckSymbolExists.c
Linking C executable cmTryCompileExec1761820188
/usr/bin/cmake -E cmake_link_script CMakeFiles/cmTryCompileExec1761820188.dir/link.txt --verbose=1
/usr/bin/cc         CMakeFiles/cmTryCompileExec1761820188.dir/CheckSymbolExists.c.o  -o cmTryCompileExec1761820188 -rdynamic 
CMakeFiles/cmTryCompileExec1761820188.dir/CheckSymbolExists.c.o: In function `main':
CheckSymbolExists.c:(.text+0x16): undefined reference to `pthread_create'
collect2: error: ld returned 1 exit status
make[1]: Leaving directory `/home/siqi/Documents/robia/robia/ros/catkin_ws/build/CMakeFiles/CMakeTmp'
make[1]: *** [cmTryCompileExec1761820188] Error 1
make: *** [cmTryCompileExec1761820188/fast] Error 2

File /home/siqi/Documents/robia/robia/ros/catkin_ws/build/CMakeFiles/CMakeTmp/CheckSymbolExists.c:
/* */
#include <pthread.h>

int main(int argc, char** argv)
{
  (void)argv;
#ifndef pthread_create
  return ((int*)(&pthread_create))[argc];
#else
  (void)argc;
  return 0;
#endif
}

Determining if the function pthread_create exists in the pthreads failed with the following output:
Change Dir: /home/siqi/Documents/robia/robia/ros/catkin_ws/build/CMakeFiles/CMakeTmp

Run Build Command:/usr/bin/make "cmTryCompileExec1408588243/fast"
/usr/bin/make -f CMakeFiles/cmTryCompileExec1408588243.dir/build.make CMakeFiles/cmTryCompileExec1408588243.dir/build
make[1]: Entering directory `/home/siqi/Documents/robia/robia/ros/catkin_ws/build/CMakeFiles/CMakeTmp'
/usr/bin/cmake -E cmake_progress_report /home/siqi/Documents/robia/robia/ros/catkin_ws/build/CMakeFiles/CMakeTmp/CMakeFiles 1
Building C object CMakeFiles/cmTryCompileExec1408588243.dir/CheckFunctionExists.c.o
/usr/bin/cc   -DCHECK_FUNCTION_EXISTS=pthread_create   -o CMakeFiles/cmTryCompileExec1408588243.dir/CheckFunctionExists.c.o   -c /usr/share/cmake-2.8/Modules/CheckFunctionExists.c
Linking C executable cmTryCompileExec1408588243
/usr/bin/cmake -E cmake_link_script CMakeFiles/cmTryCompileExec1408588243.dir/link.txt --verbose=1
/usr/bin/cc     -DCHECK_FUNCTION_EXISTS=pthread_create    CMakeFiles/cmTryCompileExec1408588243.dir/CheckFunctionExists.c.o  -o cmTryCompileExec1408588243 -rdynamic -lpthreads 
/usr/bin/ld: cannot find -lpthreads
collect2: error: ld returned 1 exit status
make[1]: Leaving directory `/home/siqi/Documents/robia/robia/ros/catkin_ws/build/CMakeFiles/CMakeTmp'
make[1]: *** [cmTryCompileExec1408588243] Error 1
make: *** [cmTryCompileExec1408588243/fast] Error 2


